<?xml version="1.0" encoding="UTF-8"?>
<!-- Generated by org.testng.reporters.JUnitXMLReporter -->
<testsuite ignored="6" hostname="DESKTOP-SDCCQQ7" failures="4" tests="6" name="Surefire test" time="89.029" errors="0" timestamp="2020-07-22T11:21:03 GMT+04:00">
  <testcase classname="by.ittechno.tests.BaseTest" name="@AfterTest stopBrowser" time="0.004">
    <failure type="java.lang.NullPointerException">
      <![CDATA[java.lang.NullPointerException
at by.ittechno.tests.BaseTest.stopBrowser(BaseTest.java:28)
... Removed 28 stack frames]]>
    </failure>
  </testcase> <!-- @AfterTest stopBrowser -->
  <testcase classname="by.ittechno.tests.CitySelectionThroughSearchTest" name="changeCityThroughSearch" time="3.296">
    <failure type="java.lang.AssertionError" message="Изменить город не удалось expected [Москва] but found [Минск]">
      <![CDATA[java.lang.AssertionError: Изменить город не удалось expected [Москва] but found [Минск]
at by.ittechno.tests.CitySelectionThroughSearchTest.changeCityThroughSearch(CitySelectionThroughSearchTest.java:12)
at java.base/java.util.ArrayList.forEach(ArrayList.java:1511)
... Removed 35 stack frames]]>
    </failure>
  </testcase> <!-- changeCityThroughSearch -->
  <testcase classname="by.ittechno.tests.IncreaseQuantityProductInCartTest" name="increaseQuantityProductInCartTest" time="24.61"/>
  <testcase classname="by.ittechno.tests.LoginTest" name="loginTest" time="1.206">
    <failure type="java.lang.AssertionError" message="Переход на экран логина не выполнен did not expect to find [true] but found [false]">
      <![CDATA[java.lang.AssertionError: Переход на экран логина не выполнен did not expect to find [true] but found [false]
at by.ittechno.tests.LoginTest.loginTest(LoginTest.java:11)
at java.base/java.util.ArrayList.forEach(ArrayList.java:1511)
... Removed 34 stack frames]]>
    </failure>
  </testcase> <!-- loginTest -->
  <testcase classname="by.ittechno.tests.OpenCartTest" name="openCart" time="21.973"/>
  <testcase classname="by.ittechno.tests.OpenCatalogTest" name="openCatalogTest" time="3.003">
    <failure type="java.lang.AssertionError" message="Каталог не открылся did not expect to find [true] but found [false]">
      <![CDATA[java.lang.AssertionError: Каталог не открылся did not expect to find [true] but found [false]
at by.ittechno.tests.OpenCatalogTest.openCatalogTest(OpenCatalogTest.java:11)
at java.base/java.util.ArrayList.forEach(ArrayList.java:1511)
... Removed 34 stack frames]]>
    </failure>
  </testcase> <!-- openCatalogTest -->
  <testcase classname="by.ittechno.tests.OpenDescriptionNewsTest" name="openDescriptionNewsTest" time="1.03">
    <failure type="java.lang.AssertionError" message="Подробное описание новости не открылось did not expect to find [true] but found [false]">
      <![CDATA[java.lang.AssertionError: Подробное описание новости не открылось did not expect to find [true] but found [false]
at by.ittechno.tests.OpenDescriptionNewsTest.openDescriptionNewsTest(OpenDescriptionNewsTest.java:11)
at java.base/java.util.ArrayList.forEach(ArrayList.java:1511)
... Removed 34 stack frames]]>
    </failure>
  </testcase> <!-- openDescriptionNewsTest -->
  <testcase classname="by.ittechno.tests.BaseTest" name="@AfterTest stopBrowser" time="0.0">
    <ignored/>
  </testcase> <!-- @AfterTest stopBrowser -->
  <testcase classname="by.ittechno.tests.BaseTest" name="@AfterTest stopBrowser" time="0.0">
    <ignored/>
  </testcase> <!-- @AfterTest stopBrowser -->
  <testcase classname="by.ittechno.tests.BaseTest" name="@AfterTest stopBrowser" time="0.0">
    <ignored/>
  </testcase> <!-- @AfterTest stopBrowser -->
  <testcase classname="by.ittechno.tests.BaseTest" name="@AfterTest stopBrowser" time="0.0">
    <ignored/>
  </testcase> <!-- @AfterTest stopBrowser -->
  <testcase classname="by.ittechno.tests.BaseTest" name="@AfterTest stopBrowser" time="0.0">
    <ignored/>
  </testcase> <!-- @AfterTest stopBrowser -->
  <testcase classname="by.ittechno.tests.BaseTest" name="@AfterTest stopBrowser" time="0.0">
    <ignored/>
  </testcase> <!-- @AfterTest stopBrowser -->
</testsuite> <!-- Surefire test -->
