<?xml version="1.0" encoding="UTF-8"?>
<testng-results ignored="0" total="6" passed="2" failed="4" skipped="0">
  <reporter-output>
  </reporter-output>
  <suite started-at="2020-07-27T02:47:02 GMT+04:00" name="Surefire suite" finished-at="2020-07-27T02:49:06 GMT+04:00" duration-ms="123535">
    <groups>
    </groups>
    <test started-at="2020-07-27T02:47:02 GMT+04:00" name="Surefire test" finished-at="2020-07-27T02:49:06 GMT+04:00" duration-ms="123535">
      <class name="by.ittechno.tests.OpenDescriptionNewsTest">
        <test-method is-config="true" signature="startBrowser()[pri:0, instance:by.ittechno.tests.OpenDescriptionNewsTest@66f66866]" started-at="2020-07-27T02:48:51 GMT+04:00" name="startBrowser" description="Start browser" finished-at="2020-07-27T02:49:02 GMT+04:00" duration-ms="11005" status="PASS">
          <reporter-output>
          </reporter-output>
        </test-method> <!-- startBrowser -->
        <test-method signature="openDescriptionNewsTest()[pri:0, instance:by.ittechno.tests.OpenDescriptionNewsTest@66f66866]" started-at="2020-07-27T02:49:02 GMT+04:00" name="openDescriptionNewsTest" finished-at="2020-07-27T02:49:03 GMT+04:00" duration-ms="940" status="FAIL">
          <exception class="java.lang.AssertionError">
            <message>
              <![CDATA[Подробное описание новости не открылось did not expect to find [true] but found [false]]]>
            </message>
            <full-stacktrace>
              <![CDATA[java.lang.AssertionError: Подробное описание новости не открылось did not expect to find [true] but found [false]
at org.testng.Assert.fail(Assert.java:97)
at org.testng.Assert.failNotEquals(Assert.java:969)
at org.testng.Assert.assertTrue(Assert.java:43)
at by.ittechno.tests.OpenDescriptionNewsTest.openDescriptionNewsTest(OpenDescriptionNewsTest.java:11)
at java.base/jdk.internal.reflect.NativeMethodAccessorImpl.invoke0(Native Method)
at java.base/jdk.internal.reflect.NativeMethodAccessorImpl.invoke(NativeMethodAccessorImpl.java:62)
at java.base/jdk.internal.reflect.DelegatingMethodAccessorImpl.invoke(DelegatingMethodAccessorImpl.java:43)
at java.base/java.lang.reflect.Method.invoke(Method.java:564)
at org.testng.internal.MethodInvocationHelper.invokeMethod(MethodInvocationHelper.java:133)
at org.testng.internal.TestInvoker.invokeMethod(TestInvoker.java:584)
at org.testng.internal.TestInvoker.invokeTestMethod(TestInvoker.java:172)
at org.testng.internal.MethodRunner.runInSequence(MethodRunner.java:46)
at org.testng.internal.TestInvoker$MethodInvocationAgent.invoke(TestInvoker.java:804)
at org.testng.internal.TestInvoker.invokeTestMethods(TestInvoker.java:145)
at org.testng.internal.TestMethodWorker.invokeTestMethods(TestMethodWorker.java:146)
at org.testng.internal.TestMethodWorker.run(TestMethodWorker.java:128)
at java.base/java.util.ArrayList.forEach(ArrayList.java:1511)
at org.testng.TestRunner.privateRun(TestRunner.java:770)
at org.testng.TestRunner.run(TestRunner.java:591)
at org.testng.SuiteRunner.runTest(SuiteRunner.java:402)
at org.testng.SuiteRunner.runSequentially(SuiteRunner.java:396)
at org.testng.SuiteRunner.privateRun(SuiteRunner.java:355)
at org.testng.SuiteRunner.run(SuiteRunner.java:304)
at org.testng.SuiteRunnerWorker.runSuite(SuiteRunnerWorker.java:53)
at org.testng.SuiteRunnerWorker.run(SuiteRunnerWorker.java:96)
at org.testng.TestNG.runSuitesSequentially(TestNG.java:1180)
at org.testng.TestNG.runSuitesLocally(TestNG.java:1102)
at org.testng.TestNG.runSuites(TestNG.java:1032)
at org.testng.TestNG.run(TestNG.java:1000)
at org.apache.maven.surefire.testng.TestNGExecutor.run(TestNGExecutor.java:135)
at org.apache.maven.surefire.testng.TestNGDirectoryTestSuite.executeMulti(TestNGDirectoryTestSuite.java:193)
at org.apache.maven.surefire.testng.TestNGDirectoryTestSuite.execute(TestNGDirectoryTestSuite.java:94)
at org.apache.maven.surefire.testng.TestNGProvider.invoke(TestNGProvider.java:146)
at org.apache.maven.surefire.booter.ForkedBooter.invokeProviderInSameClassLoader(ForkedBooter.java:386)
at org.apache.maven.surefire.booter.ForkedBooter.runSuitesInProcess(ForkedBooter.java:323)
at org.apache.maven.surefire.booter.ForkedBooter.main(ForkedBooter.java:143)
]]>
            </full-stacktrace>
          </exception> <!-- java.lang.AssertionError -->
          <reporter-output>
          </reporter-output>
        </test-method> <!-- openDescriptionNewsTest -->
        <test-method is-config="true" signature="onTestFailure(org.testng.ITestResult)[pri:0, instance:by.ittechno.tests.OpenDescriptionNewsTest@66f66866]" started-at="2020-07-27T02:49:03 GMT+04:00" name="onTestFailure" finished-at="2020-07-27T02:49:04 GMT+04:00" duration-ms="850" status="PASS">
          <params>
            <param index="0">
              <value>
                <![CDATA[[TestResult name=openDescriptionNewsTest status=FAILURE method=OpenDescriptionNewsTest.openDescriptionNewsTest()[pri:0, instance:by.ittechno.tests.OpenDescriptionNewsTest@66f66866] output={null}]]]>
              </value>
            </param>
          </params>
          <reporter-output>
          </reporter-output>
        </test-method> <!-- onTestFailure -->
        <test-method is-config="true" signature="stopBrowser()[pri:0, instance:by.ittechno.tests.OpenDescriptionNewsTest@66f66866]" started-at="2020-07-27T02:49:04 GMT+04:00" name="stopBrowser" finished-at="2020-07-27T02:49:06 GMT+04:00" duration-ms="1423" status="PASS">
          <reporter-output>
          </reporter-output>
        </test-method> <!-- stopBrowser -->
      </class> <!-- by.ittechno.tests.OpenDescriptionNewsTest -->
      <class name="by.ittechno.tests.IncreaseQuantityProductInCartTest">
        <test-method is-config="true" signature="startBrowser()[pri:0, instance:by.ittechno.tests.IncreaseQuantityProductInCartTest@2392212b]" started-at="2020-07-27T02:47:18 GMT+04:00" name="startBrowser" description="Start browser" finished-at="2020-07-27T02:47:27 GMT+04:00" duration-ms="9042" status="PASS">
          <reporter-output>
          </reporter-output>
        </test-method> <!-- startBrowser -->
        <test-method signature="increaseQuantityProductInCartTest()[pri:0, instance:by.ittechno.tests.IncreaseQuantityProductInCartTest@2392212b]" started-at="2020-07-27T02:47:27 GMT+04:00" name="increaseQuantityProductInCartTest" finished-at="2020-07-27T02:47:50 GMT+04:00" duration-ms="22075" status="PASS">
          <reporter-output>
          </reporter-output>
        </test-method> <!-- increaseQuantityProductInCartTest -->
        <test-method is-config="true" signature="onTestFailure(org.testng.ITestResult)[pri:0, instance:by.ittechno.tests.IncreaseQuantityProductInCartTest@2392212b]" started-at="2020-07-27T02:47:50 GMT+04:00" name="onTestFailure" finished-at="2020-07-27T02:47:50 GMT+04:00" duration-ms="0" status="PASS">
          <params>
            <param index="0">
              <value>
                <![CDATA[[TestResult name=increaseQuantityProductInCartTest status=SUCCESS method=IncreaseQuantityProductInCartTest.increaseQuantityProductInCartTest()[pri:0, instance:by.ittechno.tests.IncreaseQuantityProductInCartTest@2392212b] output={null}]]]>
              </value>
            </param>
          </params>
          <reporter-output>
          </reporter-output>
        </test-method> <!-- onTestFailure -->
        <test-method is-config="true" signature="stopBrowser()[pri:0, instance:by.ittechno.tests.IncreaseQuantityProductInCartTest@2392212b]" started-at="2020-07-27T02:47:50 GMT+04:00" name="stopBrowser" finished-at="2020-07-27T02:47:51 GMT+04:00" duration-ms="1276" status="PASS">
          <reporter-output>
          </reporter-output>
        </test-method> <!-- stopBrowser -->
      </class> <!-- by.ittechno.tests.IncreaseQuantityProductInCartTest -->
      <class name="by.ittechno.tests.OpenCartTest">
        <test-method is-config="true" signature="startBrowser()[pri:0, instance:by.ittechno.tests.OpenCartTest@28f8e165]" started-at="2020-07-27T02:48:04 GMT+04:00" name="startBrowser" description="Start browser" finished-at="2020-07-27T02:48:15 GMT+04:00" duration-ms="10734" status="PASS">
          <reporter-output>
          </reporter-output>
        </test-method> <!-- startBrowser -->
        <test-method signature="openCart()[pri:0, instance:by.ittechno.tests.OpenCartTest@28f8e165]" started-at="2020-07-27T02:48:15 GMT+04:00" name="openCart" finished-at="2020-07-27T02:48:36 GMT+04:00" duration-ms="21179" status="PASS">
          <reporter-output>
          </reporter-output>
        </test-method> <!-- openCart -->
        <test-method is-config="true" signature="onTestFailure(org.testng.ITestResult)[pri:0, instance:by.ittechno.tests.OpenCartTest@28f8e165]" started-at="2020-07-27T02:48:36 GMT+04:00" name="onTestFailure" finished-at="2020-07-27T02:48:36 GMT+04:00" duration-ms="1" status="PASS">
          <params>
            <param index="0">
              <value>
                <![CDATA[[TestResult name=openCart status=SUCCESS method=OpenCartTest.openCart()[pri:0, instance:by.ittechno.tests.OpenCartTest@28f8e165] output={null}]]]>
              </value>
            </param>
          </params>
          <reporter-output>
          </reporter-output>
        </test-method> <!-- onTestFailure -->
        <test-method is-config="true" signature="stopBrowser()[pri:0, instance:by.ittechno.tests.OpenCartTest@28f8e165]" started-at="2020-07-27T02:48:36 GMT+04:00" name="stopBrowser" finished-at="2020-07-27T02:48:37 GMT+04:00" duration-ms="807" status="PASS">
          <reporter-output>
          </reporter-output>
        </test-method> <!-- stopBrowser -->
      </class> <!-- by.ittechno.tests.OpenCartTest -->
      <class name="by.ittechno.tests.OpenCatalogTest">
        <test-method is-config="true" signature="startBrowser()[pri:0, instance:by.ittechno.tests.OpenCatalogTest@545f80bf]" started-at="2020-07-27T02:48:37 GMT+04:00" name="startBrowser" description="Start browser" finished-at="2020-07-27T02:48:47 GMT+04:00" duration-ms="10269" status="PASS">
          <reporter-output>
          </reporter-output>
        </test-method> <!-- startBrowser -->
        <test-method signature="openCatalogTest()[pri:0, instance:by.ittechno.tests.OpenCatalogTest@545f80bf]" started-at="2020-07-27T02:48:47 GMT+04:00" name="openCatalogTest" finished-at="2020-07-27T02:48:50 GMT+04:00" duration-ms="2682" status="FAIL">
          <exception class="java.lang.AssertionError">
            <message>
              <![CDATA[Каталог не открылся did not expect to find [true] but found [false]]]>
            </message>
            <full-stacktrace>
              <![CDATA[java.lang.AssertionError: Каталог не открылся did not expect to find [true] but found [false]
at org.testng.Assert.fail(Assert.java:97)
at org.testng.Assert.failNotEquals(Assert.java:969)
at org.testng.Assert.assertTrue(Assert.java:43)
at by.ittechno.tests.OpenCatalogTest.openCatalogTest(OpenCatalogTest.java:11)
at java.base/jdk.internal.reflect.NativeMethodAccessorImpl.invoke0(Native Method)
at java.base/jdk.internal.reflect.NativeMethodAccessorImpl.invoke(NativeMethodAccessorImpl.java:62)
at java.base/jdk.internal.reflect.DelegatingMethodAccessorImpl.invoke(DelegatingMethodAccessorImpl.java:43)
at java.base/java.lang.reflect.Method.invoke(Method.java:564)
at org.testng.internal.MethodInvocationHelper.invokeMethod(MethodInvocationHelper.java:133)
at org.testng.internal.TestInvoker.invokeMethod(TestInvoker.java:584)
at org.testng.internal.TestInvoker.invokeTestMethod(TestInvoker.java:172)
at org.testng.internal.MethodRunner.runInSequence(MethodRunner.java:46)
at org.testng.internal.TestInvoker$MethodInvocationAgent.invoke(TestInvoker.java:804)
at org.testng.internal.TestInvoker.invokeTestMethods(TestInvoker.java:145)
at org.testng.internal.TestMethodWorker.invokeTestMethods(TestMethodWorker.java:146)
at org.testng.internal.TestMethodWorker.run(TestMethodWorker.java:128)
at java.base/java.util.ArrayList.forEach(ArrayList.java:1511)
at org.testng.TestRunner.privateRun(TestRunner.java:770)
at org.testng.TestRunner.run(TestRunner.java:591)
at org.testng.SuiteRunner.runTest(SuiteRunner.java:402)
at org.testng.SuiteRunner.runSequentially(SuiteRunner.java:396)
at org.testng.SuiteRunner.privateRun(SuiteRunner.java:355)
at org.testng.SuiteRunner.run(SuiteRunner.java:304)
at org.testng.SuiteRunnerWorker.runSuite(SuiteRunnerWorker.java:53)
at org.testng.SuiteRunnerWorker.run(SuiteRunnerWorker.java:96)
at org.testng.TestNG.runSuitesSequentially(TestNG.java:1180)
at org.testng.TestNG.runSuitesLocally(TestNG.java:1102)
at org.testng.TestNG.runSuites(TestNG.java:1032)
at org.testng.TestNG.run(TestNG.java:1000)
at org.apache.maven.surefire.testng.TestNGExecutor.run(TestNGExecutor.java:135)
at org.apache.maven.surefire.testng.TestNGDirectoryTestSuite.executeMulti(TestNGDirectoryTestSuite.java:193)
at org.apache.maven.surefire.testng.TestNGDirectoryTestSuite.execute(TestNGDirectoryTestSuite.java:94)
at org.apache.maven.surefire.testng.TestNGProvider.invoke(TestNGProvider.java:146)
at org.apache.maven.surefire.booter.ForkedBooter.invokeProviderInSameClassLoader(ForkedBooter.java:386)
at org.apache.maven.surefire.booter.ForkedBooter.runSuitesInProcess(ForkedBooter.java:323)
at org.apache.maven.surefire.booter.ForkedBooter.main(ForkedBooter.java:143)
]]>
            </full-stacktrace>
          </exception> <!-- java.lang.AssertionError -->
          <reporter-output>
          </reporter-output>
        </test-method> <!-- openCatalogTest -->
        <test-method is-config="true" signature="onTestFailure(org.testng.ITestResult)[pri:0, instance:by.ittechno.tests.OpenCatalogTest@545f80bf]" started-at="2020-07-27T02:48:50 GMT+04:00" name="onTestFailure" finished-at="2020-07-27T02:48:51 GMT+04:00" duration-ms="958" status="PASS">
          <params>
            <param index="0">
              <value>
                <![CDATA[[TestResult name=openCatalogTest status=FAILURE method=OpenCatalogTest.openCatalogTest()[pri:0, instance:by.ittechno.tests.OpenCatalogTest@545f80bf] output={null}]]]>
              </value>
            </param>
          </params>
          <reporter-output>
          </reporter-output>
        </test-method> <!-- onTestFailure -->
        <test-method is-config="true" signature="stopBrowser()[pri:0, instance:by.ittechno.tests.OpenCatalogTest@545f80bf]" started-at="2020-07-27T02:48:51 GMT+04:00" name="stopBrowser" finished-at="2020-07-27T02:48:51 GMT+04:00" duration-ms="751" status="PASS">
          <reporter-output>
          </reporter-output>
        </test-method> <!-- stopBrowser -->
      </class> <!-- by.ittechno.tests.OpenCatalogTest -->
      <class name="by.ittechno.tests.CitySelectionThroughSearchTest">
        <test-method is-config="true" signature="startBrowser()[pri:0, instance:by.ittechno.tests.CitySelectionThroughSearchTest@5fa47fea]" started-at="2020-07-27T02:47:02 GMT+04:00" name="startBrowser" description="Start browser" finished-at="2020-07-27T02:47:14 GMT+04:00" duration-ms="11453" status="PASS">
          <reporter-output>
          </reporter-output>
        </test-method> <!-- startBrowser -->
        <test-method signature="changeCityThroughSearch()[pri:0, instance:by.ittechno.tests.CitySelectionThroughSearchTest@5fa47fea]" started-at="2020-07-27T02:47:14 GMT+04:00" name="changeCityThroughSearch" finished-at="2020-07-27T02:47:16 GMT+04:00" duration-ms="2654" status="FAIL">
          <exception class="java.lang.AssertionError">
            <message>
              <![CDATA[Изменить город не удалось expected [Москва] but found [Минск]]]>
            </message>
            <full-stacktrace>
              <![CDATA[java.lang.AssertionError: Изменить город не удалось expected [Москва] but found [Минск]
at org.testng.Assert.fail(Assert.java:97)
at org.testng.Assert.assertEqualsImpl(Assert.java:136)
at org.testng.Assert.assertEquals(Assert.java:118)
at org.testng.Assert.assertEquals(Assert.java:575)
at by.ittechno.tests.CitySelectionThroughSearchTest.changeCityThroughSearch(CitySelectionThroughSearchTest.java:11)
at java.base/jdk.internal.reflect.NativeMethodAccessorImpl.invoke0(Native Method)
at java.base/jdk.internal.reflect.NativeMethodAccessorImpl.invoke(NativeMethodAccessorImpl.java:62)
at java.base/jdk.internal.reflect.DelegatingMethodAccessorImpl.invoke(DelegatingMethodAccessorImpl.java:43)
at java.base/java.lang.reflect.Method.invoke(Method.java:564)
at org.testng.internal.MethodInvocationHelper.invokeMethod(MethodInvocationHelper.java:133)
at org.testng.internal.TestInvoker.invokeMethod(TestInvoker.java:584)
at org.testng.internal.TestInvoker.invokeTestMethod(TestInvoker.java:172)
at org.testng.internal.MethodRunner.runInSequence(MethodRunner.java:46)
at org.testng.internal.TestInvoker$MethodInvocationAgent.invoke(TestInvoker.java:804)
at org.testng.internal.TestInvoker.invokeTestMethods(TestInvoker.java:145)
at org.testng.internal.TestMethodWorker.invokeTestMethods(TestMethodWorker.java:146)
at org.testng.internal.TestMethodWorker.run(TestMethodWorker.java:128)
at java.base/java.util.ArrayList.forEach(ArrayList.java:1511)
at org.testng.TestRunner.privateRun(TestRunner.java:770)
at org.testng.TestRunner.run(TestRunner.java:591)
at org.testng.SuiteRunner.runTest(SuiteRunner.java:402)
at org.testng.SuiteRunner.runSequentially(SuiteRunner.java:396)
at org.testng.SuiteRunner.privateRun(SuiteRunner.java:355)
at org.testng.SuiteRunner.run(SuiteRunner.java:304)
at org.testng.SuiteRunnerWorker.runSuite(SuiteRunnerWorker.java:53)
at org.testng.SuiteRunnerWorker.run(SuiteRunnerWorker.java:96)
at org.testng.TestNG.runSuitesSequentially(TestNG.java:1180)
at org.testng.TestNG.runSuitesLocally(TestNG.java:1102)
at org.testng.TestNG.runSuites(TestNG.java:1032)
at org.testng.TestNG.run(TestNG.java:1000)
at org.apache.maven.surefire.testng.TestNGExecutor.run(TestNGExecutor.java:135)
at org.apache.maven.surefire.testng.TestNGDirectoryTestSuite.executeMulti(TestNGDirectoryTestSuite.java:193)
at org.apache.maven.surefire.testng.TestNGDirectoryTestSuite.execute(TestNGDirectoryTestSuite.java:94)
at org.apache.maven.surefire.testng.TestNGProvider.invoke(TestNGProvider.java:146)
at org.apache.maven.surefire.booter.ForkedBooter.invokeProviderInSameClassLoader(ForkedBooter.java:386)
at org.apache.maven.surefire.booter.ForkedBooter.runSuitesInProcess(ForkedBooter.java:323)
at org.apache.maven.surefire.booter.ForkedBooter.main(ForkedBooter.java:143)
]]>
            </full-stacktrace>
          </exception> <!-- java.lang.AssertionError -->
          <reporter-output>
          </reporter-output>
        </test-method> <!-- changeCityThroughSearch -->
        <test-method is-config="true" signature="onTestFailure(org.testng.ITestResult)[pri:0, instance:by.ittechno.tests.CitySelectionThroughSearchTest@5fa47fea]" started-at="2020-07-27T02:47:17 GMT+04:00" name="onTestFailure" finished-at="2020-07-27T02:47:17 GMT+04:00" duration-ms="529" status="PASS">
          <params>
            <param index="0">
              <value>
                <![CDATA[[TestResult name=changeCityThroughSearch status=FAILURE method=CitySelectionThroughSearchTest.changeCityThroughSearch()[pri:0, instance:by.ittechno.tests.CitySelectionThroughSearchTest@5fa47fea] output={null}]]]>
              </value>
            </param>
          </params>
          <reporter-output>
          </reporter-output>
        </test-method> <!-- onTestFailure -->
        <test-method is-config="true" signature="stopBrowser()[pri:0, instance:by.ittechno.tests.CitySelectionThroughSearchTest@5fa47fea]" started-at="2020-07-27T02:47:17 GMT+04:00" name="stopBrowser" finished-at="2020-07-27T02:47:18 GMT+04:00" duration-ms="1306" status="PASS">
          <reporter-output>
          </reporter-output>
        </test-method> <!-- stopBrowser -->
      </class> <!-- by.ittechno.tests.CitySelectionThroughSearchTest -->
      <class name="by.ittechno.tests.LoginTest">
        <test-method is-config="true" signature="startBrowser()[pri:0, instance:by.ittechno.tests.LoginTest@5b43e173]" started-at="2020-07-27T02:47:51 GMT+04:00" name="startBrowser" description="Start browser" finished-at="2020-07-27T02:48:01 GMT+04:00" duration-ms="10268" status="PASS">
          <reporter-output>
          </reporter-output>
        </test-method> <!-- startBrowser -->
        <test-method signature="loginTest()[pri:0, instance:by.ittechno.tests.LoginTest@5b43e173]" started-at="2020-07-27T02:48:01 GMT+04:00" name="loginTest" finished-at="2020-07-27T02:48:02 GMT+04:00" duration-ms="992" status="FAIL">
          <exception class="java.lang.AssertionError">
            <message>
              <![CDATA[Переход на экран логина не выполнен did not expect to find [true] but found [false]]]>
            </message>
            <full-stacktrace>
              <![CDATA[java.lang.AssertionError: Переход на экран логина не выполнен did not expect to find [true] but found [false]
at org.testng.Assert.fail(Assert.java:97)
at org.testng.Assert.failNotEquals(Assert.java:969)
at org.testng.Assert.assertTrue(Assert.java:43)
at by.ittechno.tests.LoginTest.loginTest(LoginTest.java:11)
at java.base/jdk.internal.reflect.NativeMethodAccessorImpl.invoke0(Native Method)
at java.base/jdk.internal.reflect.NativeMethodAccessorImpl.invoke(NativeMethodAccessorImpl.java:62)
at java.base/jdk.internal.reflect.DelegatingMethodAccessorImpl.invoke(DelegatingMethodAccessorImpl.java:43)
at java.base/java.lang.reflect.Method.invoke(Method.java:564)
at org.testng.internal.MethodInvocationHelper.invokeMethod(MethodInvocationHelper.java:133)
at org.testng.internal.TestInvoker.invokeMethod(TestInvoker.java:584)
at org.testng.internal.TestInvoker.invokeTestMethod(TestInvoker.java:172)
at org.testng.internal.MethodRunner.runInSequence(MethodRunner.java:46)
at org.testng.internal.TestInvoker$MethodInvocationAgent.invoke(TestInvoker.java:804)
at org.testng.internal.TestInvoker.invokeTestMethods(TestInvoker.java:145)
at org.testng.internal.TestMethodWorker.invokeTestMethods(TestMethodWorker.java:146)
at org.testng.internal.TestMethodWorker.run(TestMethodWorker.java:128)
at java.base/java.util.ArrayList.forEach(ArrayList.java:1511)
at org.testng.TestRunner.privateRun(TestRunner.java:770)
at org.testng.TestRunner.run(TestRunner.java:591)
at org.testng.SuiteRunner.runTest(SuiteRunner.java:402)
at org.testng.SuiteRunner.runSequentially(SuiteRunner.java:396)
at org.testng.SuiteRunner.privateRun(SuiteRunner.java:355)
at org.testng.SuiteRunner.run(SuiteRunner.java:304)
at org.testng.SuiteRunnerWorker.runSuite(SuiteRunnerWorker.java:53)
at org.testng.SuiteRunnerWorker.run(SuiteRunnerWorker.java:96)
at org.testng.TestNG.runSuitesSequentially(TestNG.java:1180)
at org.testng.TestNG.runSuitesLocally(TestNG.java:1102)
at org.testng.TestNG.runSuites(TestNG.java:1032)
at org.testng.TestNG.run(TestNG.java:1000)
at org.apache.maven.surefire.testng.TestNGExecutor.run(TestNGExecutor.java:135)
at org.apache.maven.surefire.testng.TestNGDirectoryTestSuite.executeMulti(TestNGDirectoryTestSuite.java:193)
at org.apache.maven.surefire.testng.TestNGDirectoryTestSuite.execute(TestNGDirectoryTestSuite.java:94)
at org.apache.maven.surefire.testng.TestNGProvider.invoke(TestNGProvider.java:146)
at org.apache.maven.surefire.booter.ForkedBooter.invokeProviderInSameClassLoader(ForkedBooter.java:386)
at org.apache.maven.surefire.booter.ForkedBooter.runSuitesInProcess(ForkedBooter.java:323)
at org.apache.maven.surefire.booter.ForkedBooter.main(ForkedBooter.java:143)
]]>
            </full-stacktrace>
          </exception> <!-- java.lang.AssertionError -->
          <reporter-output>
          </reporter-output>
        </test-method> <!-- loginTest -->
        <test-method is-config="true" signature="onTestFailure(org.testng.ITestResult)[pri:0, instance:by.ittechno.tests.LoginTest@5b43e173]" started-at="2020-07-27T02:48:02 GMT+04:00" name="onTestFailure" finished-at="2020-07-27T02:48:03 GMT+04:00" duration-ms="1098" status="PASS">
          <params>
            <param index="0">
              <value>
                <![CDATA[[TestResult name=loginTest status=FAILURE method=LoginTest.loginTest()[pri:0, instance:by.ittechno.tests.LoginTest@5b43e173] output={null}]]]>
              </value>
            </param>
          </params>
          <reporter-output>
          </reporter-output>
        </test-method> <!-- onTestFailure -->
        <test-method is-config="true" signature="stopBrowser()[pri:0, instance:by.ittechno.tests.LoginTest@5b43e173]" started-at="2020-07-27T02:48:03 GMT+04:00" name="stopBrowser" finished-at="2020-07-27T02:48:04 GMT+04:00" duration-ms="763" status="PASS">
          <reporter-output>
          </reporter-output>
        </test-method> <!-- stopBrowser -->
      </class> <!-- by.ittechno.tests.LoginTest -->
    </test> <!-- Surefire test -->
  </suite> <!-- Surefire suite -->
</testng-results>
