<?xml version="1.0" encoding="UTF-8"?>
<testsuite xmlns:xsi="http://www.w3.org/2001/XMLSchema-instance" xsi:noNamespaceSchemaLocation="https://maven.apache.org/surefire/maven-surefire-plugin/xsd/surefire-test-report.xsd" name="TestSuite" time="92.307" tests="7" errors="0" skipped="0" failures="5">
  <properties>
    <property name="java.specification.version" value="14"/>
    <property name="sun.cpu.isalist" value="amd64"/>
    <property name="sun.jnu.encoding" value="Cp1251"/>
    <property name="java.class.path" value="C:\Program Files\JetBrains\IntelliJ IDEA Community Edition 2020.1.3\plugins\maven\lib\maven3\boot\plexus-classworlds-2.6.0.jar;C:\Program Files\JetBrains\IntelliJ IDEA Community Edition 2020.1.3\plugins\maven\lib\maven3\boot\plexus-classworlds.license"/>
    <property name="java.vm.vendor" value="Oracle Corporation"/>
    <property name="sun.arch.data.model" value="64"/>
    <property name="user.variant" value=""/>
    <property name="java.vendor.url" value="https://java.oracle.com/"/>
    <property name="user.timezone" value="Europe/Saratov"/>
    <property name="maven.conf" value="C:\Program Files\JetBrains\IntelliJ IDEA Community Edition 2020.1.3\plugins\maven\lib\maven3/conf"/>
    <property name="java.vm.specification.version" value="14"/>
    <property name="os.name" value="Windows 10"/>
    <property name="sun.java.launcher" value="SUN_STANDARD"/>
    <property name="user.country" value="RU"/>
    <property name="sun.boot.library.path" value="C:\Program Files\Java\jdk-14.0.2\bin"/>
    <property name="sun.java.command" value="org.codehaus.classworlds.Launcher -Didea.version2020.1.3 package"/>
    <property name="jdk.debug" value="release"/>
    <property name="maven.home" value="C:\Program Files\JetBrains\IntelliJ IDEA Community Edition 2020.1.3\plugins\maven\lib\maven3"/>
    <property name="sun.cpu.endian" value="little"/>
    <property name="user.home" value="C:\Users\gtern"/>
    <property name="user.language" value="ru"/>
    <property name="java.specification.vendor" value="Oracle Corporation"/>
    <property name="java.version.date" value="2020-07-14"/>
    <property name="java.home" value="C:\Program Files\Java\jdk-14.0.2"/>
    <property name="file.separator" value="\"/>
    <property name="java.vm.compressedOopsMode" value="32-bit"/>
    <property name="line.separator" value="&#10;"/>
    <property name="java.vm.specification.vendor" value="Oracle Corporation"/>
    <property name="java.specification.name" value="Java Platform API Specification"/>
    <property name="idea.version2020.1.3" value="true"/>
    <property name="user.script" value=""/>
    <property name="sun.management.compiler" value="HotSpot 64-Bit Tiered Compilers"/>
    <property name="java.runtime.version" value="14.0.2+12-46"/>
    <property name="user.name" value="gtern"/>
    <property name="path.separator" value=";"/>
    <property name="os.version" value="10.0"/>
    <property name="java.runtime.name" value="Java(TM) SE Runtime Environment"/>
    <property name="file.encoding" value="UTF-8"/>
    <property name="guice.disable.misplaced.annotation.check" value="true"/>
    <property name="java.vm.name" value="Java HotSpot(TM) 64-Bit Server VM"/>
    <property name="maven.ext.class.path" value="C:\Program Files\JetBrains\IntelliJ IDEA Community Edition 2020.1.3\plugins\maven\lib\maven-event-listener.jar"/>
    <property name="java.vendor.url.bug" value="https://bugreport.java.com/bugreport/"/>
    <property name="java.io.tmpdir" value="C:\Users\gtern\AppData\Local\Temp\"/>
    <property name="java.version" value="14.0.2"/>
    <property name="user.dir" value="C:\Users\gtern\IdeaProjects\newProject"/>
    <property name="os.arch" value="amd64"/>
    <property name="maven.multiModuleProjectDirectory" value="C:\Users\gtern\IdeaProjects\newProject"/>
    <property name="java.vm.specification.name" value="Java Virtual Machine Specification"/>
    <property name="sun.os.patch.level" value=""/>
    <property name="java.library.path" value="C:\Program Files\Java\jdk-14.0.2\bin;C:\WINDOWS\Sun\Java\bin;C:\WINDOWS\system32;C:\WINDOWS;C:\WINDOWS\system32;C:\WINDOWS;C:\WINDOWS\System32\Wbem;C:\WINDOWS\System32\WindowsPowerShell\v1.0\;C:\WINDOWS\System32\OpenSSH\;C:\Program Files\Git\cmd;C:\Program Files\Java\jdk-14.0.2\bin;C:\Users\gtern\AppData\Local\Microsoft\WindowsApps;;."/>
    <property name="java.vm.info" value="mixed mode, sharing"/>
    <property name="java.vendor" value="Oracle Corporation"/>
    <property name="java.vm.version" value="14.0.2+12-46"/>
    <property name="classworlds.conf" value="C:\Program Files\JetBrains\IntelliJ IDEA Community Edition 2020.1.3\plugins\maven\lib\maven3\bin\m2.conf"/>
    <property name="sun.io.unicode.encoding" value="UnicodeLittle"/>
    <property name="java.class.version" value="58.0"/>
  </properties>
  <testcase name="changeCityThroughSearch" classname="by.ittechno.tests.CitySelectionThroughSearchTest" time="3.571">
    <failure message="Изменить город не удалось expected [Москва] but found [Минск]" type="java.lang.AssertionError">java.lang.AssertionError: Изменить город не удалось expected [Москва] but found [Минск]
	at by.ittechno.tests.CitySelectionThroughSearchTest.changeCityThroughSearch(CitySelectionThroughSearchTest.java:12)
</failure>
    <system-out><![CDATA[2020-07-22 11:19:49 INFO  MyLogger:8 - Clicking elementМинск Located:(397, 13)
2020-07-22 11:19:49 INFO  MyLogger:8 - Type text in located:(290, 172)
]]></system-out>
    <system-err><![CDATA[SLF4J: Failed to load class "org.slf4j.impl.StaticLoggerBinder".
SLF4J: Defaulting to no-operation (NOP) logger implementation
SLF4J: See http://www.slf4j.org/codes.html#StaticLoggerBinder for further details.
Starting ChromeDriver 84.0.4147.30 (48b3e868b4cc0aa7e8149519690b6f6949e110a8-refs/branch-heads/4147@{#310}) on port 9443
Only local connections are allowed.
Please see https://chromedriver.chromium.org/security-considerations for suggestions on keeping ChromeDriver safe.
ChromeDriver was started successfully.
июл. 22, 2020 11:19:40 AM org.openqa.selenium.remote.ProtocolHandshake createSession
INFO: Detected dialect: W3C
log4j:ERROR Could not find value for key log4j.appender.file
log4j:ERROR Could not instantiate appender named "file".
]]></system-err>
  </testcase>
  <testcase name="increaseQuantityProductInCartTest" classname="by.ittechno.tests.IncreaseQuantityProductInCartTest" time="24.61"/>
  <testcase name="loginTest" classname="by.ittechno.tests.LoginTest" time="1.201">
    <failure message="Переход на экран логина не выполнен did not expect to find [true] but found [false]" type="java.lang.AssertionError">java.lang.AssertionError: Переход на экран логина не выполнен did not expect to find [true] but found [false]
	at by.ittechno.tests.LoginTest.loginTest(LoginTest.java:11)
</failure>
    <system-out><![CDATA[2020-07-22 11:20:25 INFO  MyLogger:8 - Clicking elementЛичный кабинет Located:(1237, 17)
]]></system-out>
  </testcase>
  <testcase name="openCart" classname="by.ittechno.tests.OpenCartTest" time="21.973"/>
  <testcase name="openCatalogTest" classname="by.ittechno.tests.OpenCatalogTest" time="2.999">
    <failure message="Каталог не открылся did not expect to find [true] but found [false]" type="java.lang.AssertionError">java.lang.AssertionError: Каталог не открылся did not expect to find [true] but found [false]
	at by.ittechno.tests.OpenCatalogTest.openCatalogTest(OpenCatalogTest.java:11)
</failure>
    <system-out><![CDATA[2020-07-22 11:20:56 INFO  MyLogger:8 - Clicking elementКаталог Located:(169, 85)
2020-07-22 11:20:57 INFO  MyLogger:8 - Double click on an item located:(170, 427)
]]></system-out>
  </testcase>
  <testcase name="openDescriptionNewsTest" classname="by.ittechno.tests.OpenDescriptionNewsTest" time="1.038">
    <failure message="Подробное описание новости не открылось did not expect to find [true] but found [false]" type="java.lang.AssertionError">java.lang.AssertionError: Подробное описание новости не открылось did not expect to find [true] but found [false]
	at by.ittechno.tests.OpenDescriptionNewsTest.openDescriptionNewsTest(OpenDescriptionNewsTest.java:11)
</failure>
    <system-out><![CDATA[2020-07-22 11:21:03 INFO  MyLogger:8 - Move to element (189, 1682)
]]></system-out>
    <system-err><![CDATA[июл. 22, 2020 11:21:03 AM org.openqa.selenium.interactions.Actions moveToElement
INFO: When using the W3C Action commands, offsets are from the center of element
]]></system-err>
  </testcase>
  <testcase name="stopBrowser" classname="by.ittechno.tests.BaseTest" time="1.054">
    <failure type="java.lang.NullPointerException">java.lang.NullPointerException
	at by.ittechno.tests.BaseTest.stopBrowser(BaseTest.java:28)
</failure>
  </testcase>
</testsuite>